::1 - - [28/May/2021:17:59:54 +0000] "GET /testrequests HTTP/1.1" 404 151
::1 - - [28/May/2021:18:00:33 +0000] "GET /testrequests HTTP/1.1" 404 151
::1 - - [28/May/2021:18:00:35 +0000] "GET /testrequests HTTP/1.1" 404 151
::1 - - [28/May/2021:18:00:38 +0000] "GET /testrequests HTTP/1.1" 404 151
::1 - - [28/May/2021:18:00:38 +0000] "GET /testrequests HTTP/1.1" 404 151
::1 - - [28/May/2021:18:00:39 +0000] "GET /testrequests HTTP/1.1" 404 151
::1 - - [28/May/2021:18:00:39 +0000] "GET /testrequests HTTP/1.1" 404 151
::1 - - [28/May/2021:18:00:39 +0000] "GET /testrequests HTTP/1.1" 404 151
::1 - - [28/May/2021:18:00:48 +0000] "GET /testrequest HTTP/1.1" 304 -
::1 - - [28/May/2021:18:13:49 +0000] "GET /fibonacci?number=8 HTTP/1.1" 200 40
::1 - - [28/May/2021:18:14:35 +0000] "GET /fibonacci?number=80000 HTTP/1.1" 500 971
::1 - - [28/May/2021:18:28:35 +0000] "GET /promisedFibonacci?number=8 HTTP/1.1" 200 40
::1 - - [28/May/2021:18:28:50 +0000] "GET /fibonacci?number=8 HTTP/1.1" 304 -
::1 - - [28/May/2021:18:29:32 +0000] "GET /promisedFibonacci?number=9 HTTP/1.1" 200 40
::1 - - [28/May/2021:18:29:37 +0000] "GET /fibonacci?number=9 HTTP/1.1" 200 40
::1 - - [28/May/2021:18:30:42 +0000] "GET /fibonacci?number=8 HTTP/1.1" 200 40
::1 - - [28/May/2021:18:30:45 +0000] "GET /promisedFibonacci?number=9 HTTP/1.1" 200 40
::1 - - [28/May/2021:18:39:40 +0000] "GET /slowrequest HTTP/1.1" 200 28
::1 - - [28/May/2021:18:39:50 +0000] "GET /slowrequest HTTP/1.1" 304 -
::1 - - [28/May/2021:18:40:27 +0000] "GET /slowrequest HTTP/1.1" 304 -
::1 - - [28/May/2021:18:41:56 +0000] "GET /slowrequest HTTP/1.1" 304 -
::1 - - [28/May/2021:18:42:19 +0000] "GET /slowrequest HTTP/1.1" 304 -
::1 - - [28/May/2021:18:42:29 +0000] "GET /slowrequest HTTP/1.1" 304 -
::1 - - [28/May/2021:18:50:07 +0000] "GET /testrequest HTTP/1.1" 304 -
::1 - - [28/May/2021:18:50:09 +0000] "GET /testrequest HTTP/1.1" 304 -
::1 - - [28/May/2021:18:50:14 +0000] "GET /slowrequest HTTP/1.1" 304 -
::1 - - [30/May/2021:10:51:30 +0000] "GET /slowrequest HTTP/1.1" 200 28
::1 - - [30/May/2021:10:51:30 +0000] "GET /favicon.ico HTTP/1.1" 404 150
::1 - - [30/May/2021:10:51:40 +0000] "GET /slowrequest HTTP/1.1" 304 -
::1 - - [30/May/2021:10:52:06 +0000] "GET /slowrequest HTTP/1.1" 304 -
::1 - - [30/May/2021:10:52:22 +0000] "GET /slowrequest HTTP/1.1" 304 -
::1 - - [30/May/2021:10:52:32 +0000] "GET /slowrequest HTTP/1.1" 304 -
